[0.096s] Invoking command in '/home/boochanggyu/robot_ws/build/robot': /usr/bin/cmake /home/boochanggyu/robot_ws/src/robot -DAMENT_CMAKE_SYMLINK_INSTALL=1 -DCMAKE_INSTALL_PREFIX=/home/boochanggyu/robot_ws/install/robot
[2.002s] -- The C compiler identification is GNU 11.4.0
[4.016s] -- The CXX compiler identification is GNU 11.4.0
[4.088s] -- Detecting C compiler ABI info
[4.978s] -- Detecting C compiler ABI info - done
[5.020s] -- Check for working C compiler: /usr/bin/cc - skipped
[5.020s] -- Detecting C compile features
[5.028s] -- Detecting C compile features - done
[5.033s] -- Detecting CXX compiler ABI info
[5.802s] -- Detecting CXX compiler ABI info - done
[5.812s] -- Check for working CXX compiler: /usr/bin/c++ - skipped
[5.813s] -- Detecting CXX compile features
[5.814s] -- Detecting CXX compile features - done
[5.836s] -- Found ament_cmake: 1.3.11 (/opt/ros/humble/share/ament_cmake/cmake)
[7.245s] -- Found Python3: /usr/bin/python3 (found version "3.10.12") found components: Interpreter 
[7.414s] -- Override CMake install command with custom implementation using symlinks instead of copying resources
[7.571s] -- Found rclcpp: 16.0.11 (/opt/ros/humble/share/rclcpp/cmake)
[7.698s] -- Found rosidl_generator_c: 3.1.6 (/opt/ros/humble/share/rosidl_generator_c/cmake)
[7.720s] -- Found rosidl_adapter: 3.1.6 (/opt/ros/humble/share/rosidl_adapter/cmake)
[7.740s] -- Found rosidl_generator_cpp: 3.1.6 (/opt/ros/humble/share/rosidl_generator_cpp/cmake)
[7.800s] -- Using all available rosidl_typesupport_c: rosidl_typesupport_fastrtps_c;rosidl_typesupport_introspection_c
[7.841s] -- Using all available rosidl_typesupport_cpp: rosidl_typesupport_fastrtps_cpp;rosidl_typesupport_introspection_cpp
[8.006s] -- Found rmw_implementation_cmake: 6.1.2 (/opt/ros/humble/share/rmw_implementation_cmake/cmake)
[8.014s] -- Found rmw_fastrtps_cpp: 6.2.7 (/opt/ros/humble/share/rmw_fastrtps_cpp/cmake)
[8.486s] -- Found OpenSSL: /usr/lib/x86_64-linux-gnu/libcrypto.so (found version "3.0.2")  
[8.541s] -- Found FastRTPS: /opt/ros/humble/include  
[8.627s] -- Using RMW implementation 'rmw_fastrtps_cpp' as default
[8.671s] -- Looking for pthread.h
[9.490s] -- Looking for pthread.h - found
[9.490s] -- Performing Test CMAKE_HAVE_LIBC_PTHREAD
[9.870s] -- Performing Test CMAKE_HAVE_LIBC_PTHREAD - Success
[9.870s] -- Found Threads: TRUE  
[10.235s] -- Configuring done
[10.270s] -- Generating done
[10.277s] -- Build files have been written to: /home/boochanggyu/robot_ws/build/robot
[10.387s] Invoked command in '/home/boochanggyu/robot_ws/build/robot' returned '0': /usr/bin/cmake /home/boochanggyu/robot_ws/src/robot -DAMENT_CMAKE_SYMLINK_INSTALL=1 -DCMAKE_INSTALL_PREFIX=/home/boochanggyu/robot_ws/install/robot
[10.409s] Invoking command in '/home/boochanggyu/robot_ws/build/robot': /usr/bin/cmake --build /home/boochanggyu/robot_ws/build/robot -- -j12 -l12
[10.720s] [ 33%] [32mBuilding CXX object CMakeFiles/robot_node.dir/src/robot_node.cpp.o[0m
[10.779s] [ 66%] [32mBuilding CXX object CMakeFiles/robot_node.dir/src/urdf_parser.cpp.o[0m
[11.102s] [01m[K/home/boochanggyu/robot_ws/src/robot/src/urdf_parser.cpp:1:10:[m[K [01;31m[Kfatal error: [m[Krobot/urdf_parser.hpp: No such file or directory
[11.102s]     1 | #include [01;31m[K"robot/urdf_parser.hpp"[m[K
[11.102s]       |          [01;31m[K^~~~~~~~~~~~~~~~~~~~~~~[m[K
[11.102s] compilation terminated.
[11.102s] [01m[K/home/boochanggyu/robot_ws/src/robot/src/robot_node.cpp:1:10:[m[K [01;31m[Kfatal error: [m[Krobot/robot_node.hpp: No such file or directory
[11.102s]     1 | #include [01;31m[K"robot/robot_node.hpp"[m[K
[11.102s]       |          [01;31m[K^~~~~~~~~~~~~~~~~~~~~~[m[K
[11.102s] compilation terminated.
[11.136s] gmake[2]: *** [CMakeFiles/robot_node.dir/build.make:76: CMakeFiles/robot_node.dir/src/robot_node.cpp.o] Error 1
[11.145s] gmake[2]: *** Waiting for unfinished jobs....
[11.145s] gmake[2]: *** [CMakeFiles/robot_node.dir/build.make:90: CMakeFiles/robot_node.dir/src/urdf_parser.cpp.o] Error 1
[11.145s] gmake[1]: *** [CMakeFiles/Makefile2:137: CMakeFiles/robot_node.dir/all] Error 2
[11.145s] gmake: *** [Makefile:146: all] Error 2
[11.171s] Invoked command in '/home/boochanggyu/robot_ws/build/robot' returned '2': /usr/bin/cmake --build /home/boochanggyu/robot_ws/build/robot -- -j12 -l12
